<?xml version="1.0" encoding="UTF-8"?>
<testng-results skipped="0" failed="0" ignored="0" total="1" passed="1">
  <reporter-output>
  </reporter-output>
  <suite name="Suite" duration-ms="16502" started-at="2023-02-06T13:52:14 IST" finished-at="2023-02-06T13:52:30 IST">
    <groups>
      <group name="cucumber">
        <method signature="AbstractTestNGCucumberTests.runScenario(io.cucumber.testng.PickleWrapper,io.cucumber.testng.FeatureWrapper)[pri:0, instance:runner.Runner@1786f9d5]" name="runScenario" class="io.cucumber.testng.AbstractTestNGCucumberTests"/>
      </group> <!-- cucumber -->
    </groups>
    <test name="LoginTest" duration-ms="16502" started-at="2023-02-06T13:52:14 IST" finished-at="2023-02-06T13:52:30 IST">
      <class name="runner.Runner">
        <test-method status="PASS" signature="setUpClass(org.testng.ITestContext)[pri:0, instance:runner.Runner@1786f9d5]" name="setUpClass" is-config="true" duration-ms="352" started-at="2023-02-06T13:52:14 IST" finished-at="2023-02-06T13:52:14 IST">
          <params>
            <param index="0">
              <value>
                <![CDATA[org.testng.TestRunner@6137cf6e]]>
              </value>
            </param>
          </params>
          <reporter-output>
          </reporter-output>
        </test-method> <!-- setUpClass -->
        <test-method status="PASS" signature="runScenario(io.cucumber.testng.PickleWrapper,io.cucumber.testng.FeatureWrapper)[pri:0, instance:runner.Runner@1786f9d5]" name="runScenario" duration-ms="15954" started-at="2023-02-06T13:52:14 IST" description="Runs Cucumber Scenarios" data-provider="scenarios" finished-at="2023-02-06T13:52:30 IST">
          <params>
            <param index="0">
              <value>
                <![CDATA["Login to Tutorials Ninja application with valid credentials"]]>
              </value>
            </param>
            <param index="1">
              <value>
                <![CDATA["Login to Tutorials Ninja"]]>
              </value>
            </param>
          </params>
          <reporter-output>
          </reporter-output>
        </test-method> <!-- runScenario -->
        <test-method status="PASS" signature="tearDownClass()[pri:0, instance:runner.Runner@1786f9d5]" name="tearDownClass" is-config="true" duration-ms="17" started-at="2023-02-06T13:52:30 IST" finished-at="2023-02-06T13:52:30 IST">
          <reporter-output>
          </reporter-output>
        </test-method> <!-- tearDownClass -->
      </class> <!-- runner.Runner -->
    </test> <!-- LoginTest -->
  </suite> <!-- Suite -->
</testng-results>
